TN:
SF:src\modules\feedbacks\useCases\SubmitFeedbackUseCase\index.ts
FN:8,execute
FN:6,SubmitFeedbackUseCase
FNF:2
FNH:2
FNDA:4,execute
FNDA:1,SubmitFeedbackUseCase
DA:1,1
DA:2,1
DA:3,1
DA:4,1
DA:5,1
DA:6,1
DA:7,1
DA:8,1
DA:9,4
DA:10,4
DA:11,4
DA:12,1
DA:13,1
DA:14,4
DA:15,1
DA:16,1
DA:17,2
DA:18,4
DA:19,1
DA:20,1
DA:21,1
DA:22,1
DA:23,1
DA:24,1
DA:25,1
DA:26,1
DA:27,1
DA:28,1
DA:29,1
DA:30,1
DA:31,1
DA:32,1
DA:33,1
DA:34,1
LF:34
LH:34
BRDA:8,0,0,4
BRDA:11,1,0,1
BRDA:14,2,0,3
BRDA:14,3,0,1
BRDA:17,4,0,2
BRDA:18,5,0,1
BRDA:6,6,0,1
BRF:7
BRH:7
end_of_record
